<?xml version="1.0" encoding="UTF-8"?>
<!-- Generated by org.testng.reporters.JUnitReportReporter -->
<testsuite hostname="DESKTOP-QI6H2EA" failures="0" tests="4" name="TestNG.Lecture8.GroupingClass4" time="0.022" errors="0" timestamp="2024-10-29T11:21:15 PKT" skipped="0">
  <testcase classname="TestNG.Lecture8.GroupingClass4" name="GFunc14" time="0.007"/>
  <testcase classname="TestNG.Lecture8.GroupingClass4" name="GClass14" time="0.003"/>
  <testcase classname="TestNG.Lecture8.GroupingClass4" name="GClass12" time="0.009"/>
  <testcase classname="TestNG.Lecture8.GroupingClass4" name="GFunc12" time="0.003"/>
</testsuite> <!-- TestNG.Lecture8.GroupingClass4 -->
