<?xml version="1.0" encoding="UTF-8"?>
<!-- Generated by org.testng.reporters.JUnitReportReporter -->
<testsuite hostname="DESKTOP-QI6H2EA" failures="0" tests="4" name="TestNG.Lecture8.GroupingClass3" time="0.019" errors="0" timestamp="2024-10-29T11:21:15 PKT" skipped="0">
  <testcase classname="TestNG.Lecture8.GroupingClass3" name="GClass8" time="0.005"/>
  <testcase classname="TestNG.Lecture8.GroupingClass3" name="GClass2" time="0.002"/>
  <testcase classname="TestNG.Lecture8.GroupingClass3" name="GFunc2" time="0.010"/>
  <testcase classname="TestNG.Lecture8.GroupingClass3" name="GFunc1" time="0.002"/>
</testsuite> <!-- TestNG.Lecture8.GroupingClass3 -->
