<?xml version="1.0" encoding="UTF-8"?>
<!-- Generated by org.testng.reporters.JUnitReportReporter -->
<testsuite hostname="DESKTOP-QI6H2EA" failures="0" tests="4" name="TestNG.Lecture8.Parameterization" time="0.025" errors="0" timestamp="2024-10-29T12:16:05 PKT" skipped="0">
  <testcase classname="TestNG.Lecture8.Parameterization" name="GFunc1" time="0.003"/>
  <testcase classname="TestNG.Lecture8.Parameterization" name="GFunc3" time="0.003"/>
  <testcase classname="TestNG.Lecture8.Parameterization" name="GClass4" time="0.007"/>
  <testcase classname="TestNG.Lecture8.Parameterization" name="GClass2" time="0.012"/>
</testsuite> <!-- TestNG.Lecture8.Parameterization -->
