<?xml version="1.0" encoding="UTF-8"?>
<!-- Generated by org.testng.reporters.JUnitReportReporter -->
<testsuite hostname="DESKTOP-QI6H2EA" failures="0" tests="1" name="TestNG.Lecture8.TestNGClass" time="0.002" errors="0" timestamp="2024-10-29T11:21:15 PKT" skipped="0">
  <testcase classname="TestNG.Lecture8.TestNGClass" name="TestNGClass1" time="0.002"/>
</testsuite> <!-- TestNG.Lecture8.TestNGClass -->
