<?xml version="1.0" encoding="UTF-8"?>
<!-- Generated by org.testng.reporters.JUnitReportReporter -->
<testsuite hostname="DESKTOP-QI6H2EA" failures="0" tests="1" name="TestNG.Lecture8.Reporting" time="21.706" errors="0" timestamp="2024-10-29T13:51:37 PKT" skipped="0">
  <testcase classname="TestNG.Lecture8.Reporting" name="getData" time="21.706"/>
</testsuite> <!-- TestNG.Lecture8.Reporting -->
