<?xml version="1.0" encoding="UTF-8"?>
<!-- Generated by org.testng.reporters.JUnitReportReporter -->
<testsuite hostname="DESKTOP-QI6H2EA" failures="0" tests="4" name="TestNG.Lecture8.GroupingClass2" time="0.023" errors="0" timestamp="2024-10-29T11:21:15 PKT" skipped="0">
  <testcase classname="TestNG.Lecture8.GroupingClass2" name="GFunc7" time="0.011"/>
  <testcase classname="TestNG.Lecture8.GroupingClass2" name="GClass4" time="0.003"/>
  <testcase classname="TestNG.Lecture8.GroupingClass2" name="GFunc5" time="0.008"/>
  <testcase classname="TestNG.Lecture8.GroupingClass2" name="GClass2" time="0.001"/>
</testsuite> <!-- TestNG.Lecture8.GroupingClass2 -->
