<?xml version="1.0" encoding="UTF-8"?>
<!-- Generated by org.testng.reporters.JUnitReportReporter -->
<testsuite hostname="DESKTOP-QI6H2EA" failures="0" tests="1" name="TestNG.Lecture8.Parameterization2" time="0.003" errors="0" timestamp="2024-10-29T12:16:05 PKT" skipped="0">
  <testcase classname="TestNG.Lecture8.Parameterization2" name="URLName" time="0.003"/>
</testsuite> <!-- TestNG.Lecture8.Parameterization2 -->
