<?xml version="1.0" encoding="UTF-8"?>
<!-- Generated by org.testng.reporters.JUnitReportReporter -->
<testsuite hostname="DESKTOP-QI6H2EA" failures="0" tests="4" name="TestNG.Lecture8.PrioritizeClass3" time="0.010" errors="0" timestamp="2024-10-29T11:27:40 PKT" skipped="0">
  <testcase classname="TestNG.Lecture8.PrioritizeClass3" name="GClass4" time="0.002"/>
  <testcase classname="TestNG.Lecture8.PrioritizeClass3" name="GClass2" time="0.001"/>
  <testcase classname="TestNG.Lecture8.PrioritizeClass3" name="GFunc1" time="0.002"/>
  <testcase classname="TestNG.Lecture8.PrioritizeClass3" name="GFunc3" time="0.005"/>
</testsuite> <!-- TestNG.Lecture8.PrioritizeClass3 -->
