<?xml version="1.0" encoding="UTF-8"?>
<!-- Generated by org.testng.reporters.JUnitReportReporter -->
<testsuite hostname="DESKTOP-QI6H2EA" failures="0" tests="4" name="TestNG.Lecture8.PrioritzeClass1" time="0.027" errors="0" timestamp="2024-10-29T11:27:40 PKT" skipped="0">
  <testcase classname="TestNG.Lecture8.PrioritzeClass1" name="GFunc1" time="0.016"/>
  <testcase classname="TestNG.Lecture8.PrioritzeClass1" name="GClass2" time="0.002"/>
  <testcase classname="TestNG.Lecture8.PrioritzeClass1" name="GFunc3" time="0.007"/>
  <testcase classname="TestNG.Lecture8.PrioritzeClass1" name="GClass4" time="0.002"/>
</testsuite> <!-- TestNG.Lecture8.PrioritzeClass1 -->
